<?xml version="1.0" encoding="UTF-8" ?>
<testsuite tests="1" failures="0" name="com.neu.carbon.mes.AppTest" time="0.002" errors="0" skipped="0">
  <properties>
    <property name="java.runtime.name" value="Java(TM) SE Runtime Environment"/>
    <property name="idea.version" value="2021.2.2"/>
    <property name="java.vm.version" value="17.0.4.1+1-LTS-2"/>
    <property name="sun.boot.library.path" value="D:\JAVA_HOME\bin"/>
    <property name="maven.multiModuleProjectDirectory" value="C:\project\carbon"/>
    <property name="java.vm.vendor" value="Oracle Corporation"/>
    <property name="java.vendor.url" value="https://java.oracle.com/"/>
    <property name="path.separator" value=";"/>
    <property name="guice.disable.misplaced.annotation.check" value="true"/>
    <property name="java.vm.name" value="Java HotSpot(TM) 64-Bit Server VM"/>
    <property name="user.country" value="CN"/>
    <property name="sun.java.launcher" value="SUN_STANDARD"/>
    <property name="user.script" value=""/>
    <property name="sun.os.patch.level" value=""/>
    <property name="user.dir" value="C:\project\carbon"/>
    <property name="java.vm.compressedOopsMode" value="Zero based"/>
    <property name="java.vm.specification.name" value="Java Virtual Machine Specification"/>
    <property name="java.runtime.version" value="17.0.4.1+1-LTS-2"/>
    <property name="os.arch" value="amd64"/>
    <property name="java.io.tmpdir" value="C:\Users\13350\AppData\Local\Temp\"/>
    <property name="line.separator" value="
"/>
    <property name="java.vm.specification.vendor" value="Oracle Corporation"/>
    <property name="user.variant" value=""/>
    <property name="os.name" value="Windows 11"/>
    <property name="maven.ext.class.path" value="D:\ml\IntelliJ IDEA 2021.2.2\plugins\maven\lib\maven-event-listener.jar"/>
    <property name="classworlds.conf" value="D:\ml\IntelliJ IDEA 2021.2.2\plugins\maven\lib\maven3\bin\m2.conf"/>
    <property name="sun.jnu.encoding" value="GBK"/>
    <property name="java.library.path" value="D:\JAVA_HOME\bin;C:\WINDOWS\Sun\Java\bin;C:\WINDOWS\system32;C:\WINDOWS;D:\A\soft\apache-maven-3.6.3\bin;C:\TDM-GCC-64\bin;D:\A\soft\apache-tomcat-9.0.86\bin;D:\JAVA_HOME\bin;D:\MYSQL\mysql-8.0.33-winx64\bin;D:\ml\bin\;C:\Program Files\Common Files\Oracle\Java\javapath;C:\WINDOWS\system32;C:\WINDOWS;C:\WINDOWS\System32\Wbem;C:\WINDOWS\System32\WindowsPowerShell\v1.0\;C:\WINDOWS\System32\OpenSSH\;C:\Program Files\mingw64\bin;D:\ml\;D:\xvniji\yuancheng\;&quot;%ANDROID_HOME%\platform-tools; %ANDROID_HOME%\tools;&quot;;D:\App自动化测试软件安装包\android-sdk-windows\build-tools\29.0.2;D:\git\Git\cmd;D:\A\soft\apache-tomcat-9.0.86\bin;D:\A\soft\Redis\;D:\A\ui-version\node\;D:\PYTHON_HOME\Scripts\;D:\PYTHON_HOME\;C:\Users\13350\AppData\Local\Microsoft\WindowsApps;D:\ml\;C:\TDM-GCC-64\bin;C:\Users\13350\AppData\Local\Programs\Microsoft VS Code\bin;C:\Users\13350\AppData\Local\Pandoc\;D:\DevEco_home\DevEco Studio\bin;;C:\Users\13350\AppData\Roaming\npm;."/>
    <property name="maven.conf" value="D:\ml\IntelliJ IDEA 2021.2.2\plugins\maven\lib\maven3/conf"/>
    <property name="jdk.debug" value="release"/>
    <property name="java.class.version" value="61.0"/>
    <property name="java.specification.name" value="Java Platform API Specification"/>
    <property name="sun.management.compiler" value="HotSpot 64-Bit Tiered Compilers"/>
    <property name="maven.repo.local" value="D:\A\soft\apache-maven-3.6.3\mvn_repo"/>
    <property name="os.version" value="10.0"/>
    <property name="user.home" value="C:\Users\13350"/>
    <property name="user.timezone" value="Asia/Shanghai"/>
    <property name="file.encoding" value="UTF-8"/>
    <property name="java.specification.version" value="17"/>
    <property name="user.name" value="13350"/>
    <property name="java.class.path" value="D:\ml\IntelliJ IDEA 2021.2.2\plugins\maven\lib\maven3\boot\plexus-classworlds-2.6.0.jar;D:\ml\IntelliJ IDEA 2021.2.2\plugins\maven\lib\maven3\boot\plexus-classworlds.license"/>
    <property name="java.vm.specification.version" value="17"/>
    <property name="sun.arch.data.model" value="64"/>
    <property name="sun.java.command" value="org.codehaus.classworlds.Launcher -Didea.version=2021.2.2 -s D:\A\soft\apache-maven-3.6.3\conf\settings.xml -Dmaven.repo.local=D:\A\soft\apache-maven-3.6.3\mvn_repo package"/>
    <property name="java.home" value="D:\JAVA_HOME"/>
    <property name="user.language" value="zh"/>
    <property name="java.specification.vendor" value="Oracle Corporation"/>
    <property name="java.vm.info" value="mixed mode, sharing"/>
    <property name="java.version" value="17.0.4.1"/>
    <property name="native.encoding" value="GBK"/>
    <property name="java.vendor" value="Oracle Corporation"/>
    <property name="maven.home" value="D:\ml\IntelliJ IDEA 2021.2.2\plugins\maven\lib\maven3"/>
    <property name="file.separator" value="\"/>
    <property name="java.version.date" value="2022-08-18"/>
    <property name="java.vendor.url.bug" value="https://bugreport.java.com/bugreport/"/>
    <property name="sun.cpu.endian" value="little"/>
    <property name="sun.io.unicode.encoding" value="UnicodeLittle"/>
    <property name="sun.cpu.isalist" value="amd64"/>
  </properties>
  <testcase classname="com.neu.carbon.mes.AppTest" name="testApp" time="0.002"/>
</testsuite>